#
# A fatal error has been detected by the Java Runtime Environment:
#
#  EXCEPTION_ACCESS_VIOLATION (0xc0000005) at pc=0x00007ffde1e86a03, pid=7492, tid=0x000000000000595c
#
# JRE version: Java(TM) SE Runtime Environment (8.0_471) (build 1.8.0_471-b09)
# Java VM: Java HotSpot(TM) 64-Bit Server VM (25.471-b09 mixed mode windows-amd64 compressed oops)
# Problematic frame:
# V  [jvm.dll+0x166a03]
#
# Failed to write core dump. Minidumps are not enabled by default on client versions of Windows
#
# If you would like to submit a bug report, please visit:
#   https://bugreport.java.com/bugreport/crash.jsp
#

---------------  T H R E A D  ---------------

Current thread (0x0000022212247800):  JavaThread "Thread-7" [_thread_in_vm, id=22876, stack(0x0000004ff0c00000,0x0000004ff0d00000)]

siginfo: ExceptionCode=0xc0000005, reading address 0x0000000000000000

Registers:
RAX=0x0000000000000000, RBX=0x0000022212247800, RCX=0x0000000000000780, RDX=0x0000022213ee1cf0
RSP=0x0000004ff0cfe7c0, RBP=0x0000004ff0cfe8e0, RSI=0x0000022213ee1cf0, RDI=0x0000000000000000
R8 =0x0000000000000000, R9 =0x0000000000000010, R10=0x0000000000000704, R11=0x00007ffde2541cec
R12=0x0000000000000000, R13=0x00000000d89faee1, R14=0x0000000000000000, R15=0x0000022212247800
RIP=0x00007ffde1e86a03, EFLAGS=0x0000000000010246

Top of Stack: (sp=0x0000004ff0cfe7c0)
0x0000004ff0cfe7c0:   00000000d89faefb 0000000000000000
0x0000004ff0cfe7d0:   0000000000000000 0000004ff0cfe8e0
0x0000004ff0cfe7e0:   0000000000000000 00000001800012ca
0x0000004ff0cfe7f0:   0000004ff0cfe8e0 0000000000000000
0x0000004ff0cfe800:   00000000d89faefb 0000000000000000
0x0000004ff0cfe810:   00000222137c02a8 0000000180002440
0x0000004ff0cfe820:   00000000f800227a 00000001800011a9
0x0000004ff0cfe830:   0000022200000003 0000000000000000
0x0000004ff0cfe840:   0000004ff0cfe8d0 00000001800021ef
0x0000004ff0cfe850:   0000000000000001 00000222004bd448
0x0000004ff0cfe860:   0000004ff0cfe960 0000022200000970
0x0000004ff0cfe870:   0000000783ed65f0 0000000180002440
0x0000004ff0cfe880:   00000000f800227a 0000000180001173
0x0000004ff0cfe890:   0000000000000000 0000000180002440
0x0000004ff0cfe8a0:   00000000f800227a 000000018000113a
0x0000004ff0cfe8b0:   0000000000000000 0000000000000000 

Instructions: (pc=0x00007ffde1e86a03)
0x00007ffde1e869e3:   85 f6 0f 84 87 00 00 00 40 32 ff 48 89 6c 24 30
0x00007ffde1e869f3:   41 f6 c6 01 74 0a 49 8b ce e8 4f 55 0b 00 eb 03
0x00007ffde1e86a03:   49 8b 06 48 8b c8 e8 e2 9b f0 ff 48 8b e8 48 85
0x00007ffde1e86a13:   c0 74 57 40 f6 c6 01 74 0a 48 8b ce e8 2c 55 0b 


Register to memory mapping:

RAX=0x0000000000000000 is an unknown value
RBX=0x0000022212247800 is a thread
RCX=0x0000000000000780 is an unknown value
RDX=0x0000022213ee1cf0 is an unknown value
RSP=0x0000004ff0cfe7c0 is pointing into the stack for thread: 0x0000022212247800
RBP=0x0000004ff0cfe8e0 is pointing into the stack for thread: 0x0000022212247800
RSI=0x0000022213ee1cf0 is an unknown value
RDI=0x0000000000000000 is an unknown value
R8 =0x0000000000000000 is an unknown value
R9 =0x0000000000000010 is an unknown value
R10=0x0000000000000704 is an unknown value
R11=0x00007ffde2541cec is an unknown value
R12=0x0000000000000000 is an unknown value
R13=0x00000000d89faee1 is an unknown value
R14=0x0000000000000000 is an unknown value
R15=0x0000022212247800 is a thread


Stack: [0x0000004ff0c00000,0x0000004ff0d00000],  sp=0x0000004ff0cfe7c0,  free space=1017k
Native frames: (J=compiled Java code, j=interpreted, Vv=VM code, C=native code)
V  [jvm.dll+0x166a03]
C  [jna1772690496695028021.tmp+0x12ca]
C  [jna1772690496695028021.tmp+0x2487]
C  0x00000222005cec2c

Java frames: (J=compiled Java code, j=interpreted, Vv=VM code)
J 1522  com.sun.jna.Function.invokeInt(I[Ljava/lang/Object;)I (0 bytes) @ 0x00000222005ceb8f [0x00000222005ceb40+0x000000000000004f]
J 3454 C2 com.sun.jna.Function.invoke([Ljava/lang/Object;Ljava/lang/Class;Z)Ljava/lang/Object; (1141 bytes) @ 0x00000222001a8844 [0x00000222001a8560+0x00000000000002e4]
J 4071 C2 com.sun.jna.Function.invoke(Ljava/lang/Class;[Ljava/lang/Object;Ljava/util/Map;)Ljava/lang/Object; (572 bytes) @ 0x0000022200160264 [0x000002220015f140+0x0000000000001124]
J 3627 C2 com.sun.jna.Library$Handler.invoke(Ljava/lang/Object;Ljava/lang/reflect/Method;[Ljava/lang/Object;)Ljava/lang/Object; (348 bytes) @ 0x00000222003b1ca0 [0x00000222003b1840+0x0000000000000460]
J 6171 C2 com.group_finity.mascot.win.WindowsEnvironment.getWorkAreaRect()Ljava/awt/Rectangle; (56 bytes) @ 0x00000222010d9354 [0x00000222010d8ee0+0x0000000000000474]
J 6133% C2 com.group_finity.mascot.Manager$2.run()V (70 bytes) @ 0x00000222010be9d4 [0x00000222010be240+0x0000000000000794]
v  ~StubRoutines::call_stub

---------------  P R O C E S S  ---------------

Java Threads: ( => current thread )
  0x0000022211ba8800 JavaThread "Thread-5" [_thread_in_Java, id=21228, stack(0x0000004ff0e00000,0x0000004ff0f00000)]
  0x0000022211bab800 JavaThread "Thread-2" daemon [_thread_in_native, id=7848, stack(0x0000004ff0d00000,0x0000004ff0e00000)]
  0x0000022211ba9800 JavaThread "SIGTERM handler" daemon [_thread_blocked, id=13728, stack(0x0000004fef000000,0x0000004fef100000)]
  0x00000222140c7800 JavaThread "TimerQueue" daemon [_thread_blocked, id=13720, stack(0x0000004feef00000,0x0000004fef000000)]
  0x0000022274e05800 JavaThread "DestroyJavaVM" [_thread_blocked, id=18640, stack(0x0000004fef200000,0x0000004fef300000)]
=>0x0000022212247800 JavaThread "Thread-7" [_thread_in_vm, id=22876, stack(0x0000004ff0c00000,0x0000004ff0d00000)]
  0x0000022212452800 JavaThread "Thread-4" daemon [_thread_blocked, id=16152, stack(0x0000004ff0b00000,0x0000004ff0c00000)]
  0x000002221215f800 JavaThread "AWT-EventQueue-0" [_thread_in_vm, id=18388, stack(0x0000004ff0a00000,0x0000004ff0b00000)]
  0x000002221392c000 JavaThread "AWT-Shutdown" [_thread_blocked, id=17544, stack(0x0000004ff0800000,0x0000004ff0900000)]
  0x0000022211de5000 JavaThread "AWT-Windows" daemon [_thread_in_native, id=21968, stack(0x0000004ff0900000,0x0000004ff0a00000)]
  0x0000022211c30800 JavaThread "Java2D Disposer" daemon [_thread_blocked, id=7584, stack(0x0000004ff0700000,0x0000004ff0800000)]
  0x00000222119a2000 JavaThread "Thread-1" daemon [_thread_blocked, id=21612, stack(0x0000004ff0600000,0x0000004ff0700000)]
  0x000002221051d000 JavaThread "Service Thread" daemon [_thread_blocked, id=22564, stack(0x0000004ff0400000,0x0000004ff0500000)]
  0x000002221049b800 JavaThread "C1 CompilerThread3" daemon [_thread_in_native, id=16704, stack(0x0000004ff0300000,0x0000004ff0400000)]
  0x0000022210499800 JavaThread "C2 CompilerThread2" daemon [_thread_blocked, id=4060, stack(0x0000004ff0200000,0x0000004ff0300000)]
  0x0000022210496800 JavaThread "C2 CompilerThread1" daemon [_thread_blocked, id=18220, stack(0x0000004ff0100000,0x0000004ff0200000)]
  0x0000022210491000 JavaThread "C2 CompilerThread0" daemon [_thread_blocked, id=22332, stack(0x0000004ff0000000,0x0000004ff0100000)]
  0x000002221048d800 JavaThread "Attach Listener" daemon [_thread_blocked, id=16732, stack(0x0000004feff00000,0x0000004ff0000000)]
  0x000002221048a800 JavaThread "Signal Dispatcher" daemon [_thread_blocked, id=21324, stack(0x0000004fefe00000,0x0000004feff00000)]
  0x0000022210470000 JavaThread "Finalizer" daemon [_thread_blocked, id=21012, stack(0x0000004fefd00000,0x0000004fefe00000)]
  0x00000222768fa000 JavaThread "Reference Handler" daemon [_thread_blocked, id=9012, stack(0x0000004fefc00000,0x0000004fefd00000)]

Other Threads:
  0x0000022210444000 VMThread [stack: 0x0000004fefb00000,0x0000004fefc00000] [id=21216]
  0x000002221051e800 WatcherThread [stack: 0x0000004ff0500000,0x0000004ff0600000] [id=9432]

VM state:not at safepoint (normal execution)

VM Mutex/Monitor currently owned by a thread: None

heap address: 0x00000006c4800000, size: 4024 MB, Compressed Oops mode: Zero based, Oop shift amount: 3
Narrow klass base: 0x0000000000000000, Narrow klass shift: 3
Compressed class space size: 1073741824 Address: 0x00000007c0000000

Heap:
 PSYoungGen      total 748032K, used 629069K [0x000000076c300000, 0x00000007ac200000, 0x00000007c0000000)
  eden space 625664K, 81% used [0x000000076c300000,0x000000078b22b7b0,0x0000000792600000)
  from space 122368K, 99% used [0x0000000794080000,0x000000079b7a8000,0x000000079b800000)
  to   space 210944K, 0% used [0x000000079f400000,0x000000079f400000,0x00000007ac200000)
 ParOldGen       total 532992K, used 431059K [0x00000006c4800000, 0x00000006e5080000, 0x000000076c300000)
  object space 532992K, 80% used [0x00000006c4800000,0x00000006decf4fc8,0x00000006e5080000)
 Metaspace       used 24874K, capacity 26958K, committed 27008K, reserved 1073152K
  class space    used 2879K, capacity 3697K, committed 3712K, reserved 1048576K

Card table byte_map: [0x0000022276d60000,0x0000022277540000] byte_map_base: 0x000002227373c000

Marking Bits: (ParMarkBitMap*) 0x00007ffde24fa3e0
 Begin Bits: [0x0000022277a80000, 0x000002227b960000)
 End Bits:   [0x000002227b960000, 0x000002227f840000)

Polling page: 0x0000022274fd0000

CodeCache: size=245760Kb used=22096Kb max_used=22096Kb free=223663Kb
 bounds [0x0000022200000000, 0x00000222015d0000, 0x000002220f000000]
 total_blobs=6750 nmethods=6167 adapters=493
 compilation: enabled

Compilation events (10 events):
Event: 3144.777 Thread 0x000002221049b800 7931       3       java.lang.Throwable::<init> (29 bytes)
Event: 3144.777 Thread 0x000002221049b800 nmethod 7931 0x0000022200415b50 code [0x0000022200415cc0, 0x0000022200415f90]
Event: 3162.057 Thread 0x000002221049b800 7932       3       jdk.nashorn.internal.scripts.Script$265$\^eval\_:::program (49 bytes)
Event: 3162.061 Thread 0x000002221049b800 nmethod 7932 0x0000022200d98ad0 code [0x0000022200d99100, 0x0000022200d9d420]
Event: 36600.947 Thread 0x000002221049b800 7933  s    3       java.util.Hashtable::containsKey (65 bytes)
Event: 36600.948 Thread 0x000002221049b800 nmethod 7933 0x000002220055ca90 code [0x000002220055cc20, 0x000002220055d260]
Event: 36601.057 Thread 0x000002221049b800 7934       3       java.util.logging.LogManager$LoggerContext::getRootLogger (8 bytes)
Event: 36601.057 Thread 0x000002221049b800 nmethod 7934 0x00000222005358d0 code [0x0000022200535a20, 0x0000022200535c38]
Event: 36601.057 Thread 0x000002221049b800 7935       3       java.util.logging.LogManager$LoggerContext::getGlobalLogger (6 bytes)
Event: 36601.057 Thread 0x000002221049b800 nmethod 7935 0x00000222011d9a50 code [0x00000222011d9ba0, 0x00000222011d9cf8]

GC Heap History (10 events):
Event: 2702.421 GC heap before
{Heap before GC invocations=27 (full 2):
 PSYoungGen      total 993792K, used 919648K [0x000000076c300000, 0x00000007bad80000, 0x00000007c0000000)
  eden space 774656K, 100% used [0x000000076c300000,0x000000079b780000,0x000000079b780000)
  from space 219136K, 66% used [0x00000007ad780000,0x00000007b6518000,0x00000007bad80000)
  to   space 257024K, 0% used [0x000000079b780000,0x000000079b780000,0x00000007ab280000)
 ParOldGen       total 532992K, used 431035K [0x00000006c4800000, 0x00000006e5080000, 0x000000076c300000)
  object space 532992K, 80% used [0x00000006c4800000,0x00000006deceefc8,0x00000006e5080000)
 Metaspace       used 24770K, capacity 26864K, committed 27008K, reserved 1073152K
  class space    used 2859K, capacity 3661K, committed 3712K, reserved 1048576K
Event: 2702.696 GC heap after
Heap after GC invocations=27 (full 2):
 PSYoungGen      total 874496K, used 132512K [0x000000076c300000, 0x00000007b7e80000, 0x00000007c0000000)
  eden space 741888K, 0% used [0x000000076c300000,0x000000076c300000,0x0000000799780000)
  from space 132608K, 99% used [0x000000079b780000,0x00000007a38e8000,0x00000007a3900000)
  to   space 249344K, 0% used [0x00000007a8b00000,0x00000007a8b00000,0x00000007b7e80000)
 ParOldGen       total 532992K, used 431043K [0x00000006c4800000, 0x00000006e5080000, 0x000000076c300000)
  object space 532992K, 80% used [0x00000006c4800000,0x00000006decf0fc8,0x00000006e5080000)
 Metaspace       used 24770K, capacity 26864K, committed 27008K, reserved 1073152K
  class space    used 2859K, capacity 3661K, committed 3712K, reserved 1048576K
}
Event: 2813.098 GC heap before
{Heap before GC invocations=28 (full 2):
 PSYoungGen      total 874496K, used 874400K [0x000000076c300000, 0x00000007b7e80000, 0x00000007c0000000)
  eden space 741888K, 100% used [0x000000076c300000,0x0000000799780000,0x0000000799780000)
  from space 132608K, 99% used [0x000000079b780000,0x00000007a38e8000,0x00000007a3900000)
  to   space 249344K, 0% used [0x00000007a8b00000,0x00000007a8b00000,0x00000007b7e80000)
 ParOldGen       total 532992K, used 431043K [0x00000006c4800000, 0x00000006e5080000, 0x000000076c300000)
  object space 532992K, 80% used [0x00000006c4800000,0x00000006decf0fc8,0x00000006e5080000)
 Metaspace       used 24777K, capacity 26876K, committed 27008K, reserved 1073152K
  class space    used 2861K, capacity 3665K, committed 3712K, reserved 1048576K
Event: 2813.403 GC heap after
Heap after GC invocations=28 (full 2):
 PSYoungGen      total 906240K, used 122880K [0x000000076c300000, 0x00000007b4a00000, 0x00000007c0000000)
  eden space 710656K, 0% used [0x000000076c300000,0x000000076c300000,0x0000000797900000)
  from space 195584K, 62% used [0x00000007a8b00000,0x00000007b0300000,0x00000007b4a00000)
  to   space 238080K, 0% used [0x0000000797900000,0x0000000797900000,0x00000007a6180000)
 ParOldGen       total 532992K, used 431051K [0x00000006c4800000, 0x00000006e5080000, 0x000000076c300000)
  object space 532992K, 80% used [0x00000006c4800000,0x00000006decf2fc8,0x00000006e5080000)
 Metaspace       used 24777K, capacity 26876K, committed 27008K, reserved 1073152K
  class space    used 2861K, capacity 3665K, committed 3712K, reserved 1048576K
}
Event: 2913.692 GC heap before
{Heap before GC invocations=29 (full 2):
 PSYoungGen      total 906240K, used 833536K [0x000000076c300000, 0x00000007b4a00000, 0x00000007c0000000)
  eden space 710656K, 100% used [0x000000076c300000,0x0000000797900000,0x0000000797900000)
  from space 195584K, 62% used [0x00000007a8b00000,0x00000007b0300000,0x00000007b4a00000)
  to   space 238080K, 0% used [0x0000000797900000,0x0000000797900000,0x00000007a6180000)
 ParOldGen       total 532992K, used 431051K [0x00000006c4800000, 0x00000006e5080000, 0x000000076c300000)
  object space 532992K, 80% used [0x00000006c4800000,0x00000006decf2fc8,0x00000006e5080000)
 Metaspace       used 24789K, capacity 26894K, committed 27008K, reserved 1073152K
  class space    used 2865K, capacity 3674K, committed 3712K, reserved 1048576K
Event: 2913.937 GC heap after
Heap after GC invocations=29 (full 2):
 PSYoungGen      total 793088K, used 112112K [0x000000076c300000, 0x00000007b1700000, 0x00000007c0000000)
  eden space 680960K, 0% used [0x000000076c300000,0x000000076c300000,0x0000000795c00000)
  from space 112128K, 99% used [0x0000000797900000,0x000000079e67c010,0x000000079e680000)
  to   space 226816K, 0% used [0x00000007a3980000,0x00000007a3980000,0x00000007b1700000)
 ParOldGen       total 532992K, used 431051K [0x00000006c4800000, 0x00000006e5080000, 0x000000076c300000)
  object space 532992K, 80% used [0x00000006c4800000,0x00000006decf2fc8,0x00000006e5080000)
 Metaspace       used 24789K, capacity 26894K, committed 27008K, reserved 1073152K
  class space    used 2865K, capacity 3674K, committed 3712K, reserved 1048576K
}
Event: 3003.628 GC heap before
{Heap before GC invocations=30 (full 2):
 PSYoungGen      total 793088K, used 793072K [0x000000076c300000, 0x00000007b1700000, 0x00000007c0000000)
  eden space 680960K, 100% used [0x000000076c300000,0x0000000795c00000,0x0000000795c00000)
  from space 112128K, 99% used [0x0000000797900000,0x000000079e67c010,0x000000079e680000)
  to   space 226816K, 0% used [0x00000007a3980000,0x00000007a3980000,0x00000007b1700000)
 ParOldGen       total 532992K, used 431051K [0x00000006c4800000, 0x00000006e5080000, 0x000000076c300000)
  object space 532992K, 80% used [0x00000006c4800000,0x00000006decf2fc8,0x00000006e5080000)
 Metaspace       used 24812K, capacity 26914K, committed 27008K, reserved 1073152K
  class space    used 2871K, capacity 3684K, committed 3712K, reserved 1048576K
Event: 3003.898 GC heap after
Heap after GC invocations=30 (full 2):
 PSYoungGen      total 836096K, used 101024K [0x000000076c300000, 0x00000007aec80000, 0x00000007c0000000)
  eden space 652800K, 0% used [0x000000076c300000,0x000000076c300000,0x0000000794080000)
  from space 183296K, 55% used [0x00000007a3980000,0x00000007a9c28000,0x00000007aec80000)
  to   space 219136K, 0% used [0x0000000794080000,0x0000000794080000,0x00000007a1680000)
 ParOldGen       total 532992K, used 431059K [0x00000006c4800000, 0x00000006e5080000, 0x000000076c300000)
  object space 532992K, 80% used [0x00000006c4800000,0x00000006decf4fc8,0x00000006e5080000)
 Metaspace       used 24812K, capacity 26914K, committed 27008K, reserved 1073152K
  class space    used 2871K, capacity 3684K, committed 3712K, reserved 1048576K
}
Event: 3115.850 GC heap before
{Heap before GC invocations=31 (full 2):
 PSYoungGen      total 836096K, used 753824K [0x000000076c300000, 0x00000007aec80000, 0x00000007c0000000)
  eden space 652800K, 100% used [0x000000076c300000,0x0000000794080000,0x0000000794080000)
  from space 183296K, 55% used [0x00000007a3980000,0x00000007a9c28000,0x00000007aec80000)
  to   space 219136K, 0% used [0x0000000794080000,0x0000000794080000,0x00000007a1680000)
 ParOldGen       total 532992K, used 431059K [0x00000006c4800000, 0x00000006e5080000, 0x000000076c300000)
  object space 532992K, 80% used [0x00000006c4800000,0x00000006decf4fc8,0x00000006e5080000)
 Metaspace       used 24820K, capacity 26928K, committed 27008K, reserved 1073152K
  class space    used 2872K, capacity 3687K, committed 3712K, reserved 1048576K
Event: 3116.053 GC heap after
Heap after GC invocations=31 (full 2):
 PSYoungGen      total 748032K, used 122016K [0x000000076c300000, 0x00000007ac200000, 0x00000007c0000000)
  eden space 625664K, 0% used [0x000000076c300000,0x000000076c300000,0x0000000792600000)
  from space 122368K, 99% used [0x0000000794080000,0x000000079b7a8000,0x000000079b800000)
  to   space 210944K, 0% used [0x000000079f400000,0x000000079f400000,0x00000007ac200000)
 ParOldGen       total 532992K, used 431059K [0x00000006c4800000, 0x00000006e5080000, 0x000000076c300000)
  object space 532992K, 80% used [0x00000006c4800000,0x00000006decf4fc8,0x00000006e5080000)
 Metaspace       used 24820K, capacity 26928K, committed 27008K, reserved 1073152K
  class space    used 2872K, capacity 3687K, committed 3712K, reserved 1048576K
}

Deoptimization events (10 events):
Event: 928.312 Thread 0x0000022211c30800 Uncommon trap: reason=unstable_if action=reinterpret pc=0x0000022200616c5c method=java.util.Vector.removeElementAt(I)V @ 75
Event: 932.030 Thread 0x000002221215f800 Uncommon trap: reason=unstable_if action=reinterpret pc=0x0000022200bbad40 method=java.awt.EventQueue.noEvents()Z @ 16
Event: 939.167 Thread 0x0000022212247800 Uncommon trap: reason=null_check action=make_not_entrant pc=0x00000222009315f0 method=jdk.internal.dynalink.support.TypeUtilities.isConvertibleWithoutLoss(Ljava/lang/Class;Ljava/lang/Class;)Z @ 2
Event: 2422.950 Thread 0x000002221215f800 Uncommon trap: reason=unstable_if action=reinterpret pc=0x00000222010777f4 method=sun.java2d.pipe.Region.isInsideXYXY(IIII)Z @ 30
Event: 2436.778 Thread 0x0000022212247800 Uncommon trap: reason=unhandled action=reinterpret pc=0x0000022200ad5d74 method=java.lang.invoke.CallSite.<init>(Ljava/lang/invoke/MethodType;)V @ 10
Event: 3104.087 Thread 0x0000022212247800 Uncommon trap: reason=unhandled action=reinterpret pc=0x00000222012f1234 method=java.lang.invoke.CallSite.<init>(Ljava/lang/invoke/MethodType;)V @ 10
Event: 10428.689 Thread 0x0000022211de5000 Uncommon trap: reason=bimorphic action=maybe_recompile pc=0x00000222014d4524 method=java.util.AbstractCollection.toArray()[Ljava/lang/Object; @ 1
Event: 10428.689 Thread 0x0000022211de5000 Uncommon trap: reason=unstable_if action=reinterpret pc=0x000002220044f214 method=jdk.internal.org.objectweb.asm.MethodWriter.visitInsn(I)V @ 31
Event: 10428.690 Thread 0x000002221215f800 Uncommon trap: reason=bimorphic action=maybe_recompile pc=0x0000022201037670 method=java.util.AbstractCollection.addAll(Ljava/util/Collection;)Z @ 3
Event: 36601.061 Thread 0x000002221215f800 Uncommon trap: reason=unstable_if action=reinterpret pc=0x0000022200be596c method=sun.java2d.d3d.D3DScreenUpdateManager.createGraphics(Lsun/java2d/SurfaceData;Lsun/awt/windows/WComponentPeer;Ljava/awt/Color;Ljava/awt/Color;Ljava/awt/Font;)Ljava/awt/Graphi

Classes redefined (0 events):
No events

Internal exceptions (10 events):
Event: 193.766 Thread 0x0000022212247800 Implicit null exception at 0x0000022200a50afb to 0x0000022200a516e9
Event: 228.659 Thread 0x0000022212247800 Implicit null exception at 0x0000022200e6dd88 to 0x0000022200e6e041
Event: 248.233 Thread 0x000002221215f800 Implicit null exception at 0x0000022200dc5668 to 0x0000022200dc56ca
Event: 248.257 Thread 0x000002221215f800 Implicit null exception at 0x0000022200d152ba to 0x0000022200d1538b
Event: 248.277 Thread 0x000002221215f800 Implicit null exception at 0x0000022200d20f50 to 0x0000022200d21056
Event: 249.318 Thread 0x000002221215f800 Implicit null exception at 0x000002220027ddf7 to 0x000002220027dec5
Event: 385.172 Thread 0x000002221215f800 Implicit null exception at 0x000002220116ac68 to 0x000002220116e131
Event: 530.214 Thread 0x0000022212247800 Implicit null exception at 0x0000022200c65fb8 to 0x0000022200c67685
Event: 693.805 Thread 0x000002221215f800 Implicit null exception at 0x0000022200a2741b to 0x0000022200a27a1d
Event: 739.376 Thread 0x000002221215f800 Implicit null exception at 0x000002220117d056 to 0x000002220117dfc1

Events (10 events):
Event: 36600.952 Executing VM operation: RevokeBias
Event: 36601.056 Executing VM operation: RevokeBias done
Event: 36601.057 loading class java/util/WeakHashMap$KeyIterator
Event: 36601.057 Thread 0x0000022211bab000 Thread exited: 0x0000022211bab000
Event: 36601.058 loading class java/util/WeakHashMap$KeyIterator done
Event: 36601.058 loading class java/lang/ProcessBuilder
Event: 36601.059 Thread 0x0000022211bae000 Thread exited: 0x0000022211bae000
Event: 36601.061 Thread 0x000002221215f800 Uncommon trap: trap_request=0xffffff65 fr.pc=0x0000022200be596c
Event: 36601.061 Thread 0x000002221215f800 DEOPT PACKING pc=0x0000022200be596c sp=0x0000004ff0afd660
Event: 36601.061 Thread 0x000002221215f800 DEOPT UNPACKING pc=0x00000222000458c3 sp=0x0000004ff0afd480 mode 2


Dynamic libraries:
0x00007ff7394f0000 - 0x00007ff73953f000 	C:\Program Files\Java\jre1.8.0_471\bin\javaw.exe
0x00007ffe7c940000 - 0x00007ffe7cba8000 	C:\WINDOWS\SYSTEM32\ntdll.dll
0x00007ffe7b5c0000 - 0x00007ffe7b689000 	C:\WINDOWS\System32\KERNEL32.DLL
0x00007ffe7a280000 - 0x00007ffe7a672000 	C:\WINDOWS\System32\KERNELBASE.dll
0x00007ffe7c700000 - 0x00007ffe7c7b4000 	C:\WINDOWS\System32\ADVAPI32.dll
0x00007ffe7b690000 - 0x00007ffe7b739000 	C:\WINDOWS\System32\msvcrt.dll
0x00007ffe7b130000 - 0x00007ffe7b1d6000 	C:\WINDOWS\System32\sechost.dll
0x00007ffe7bf60000 - 0x00007ffe7c078000 	C:\WINDOWS\System32\RPCRT4.dll
0x00007ffe7b1e0000 - 0x00007ffe7b3a5000 	C:\WINDOWS\System32\USER32.dll
0x00007ffe79d50000 - 0x00007ffe79d77000 	C:\WINDOWS\System32\win32u.dll
0x00007ffe7b080000 - 0x00007ffe7b0ab000 	C:\WINDOWS\System32\GDI32.dll
0x00007ffe79ad0000 - 0x00007ffe79bfd000 	C:\WINDOWS\System32\gdi32full.dll
0x00007ffe79ee0000 - 0x00007ffe79f83000 	C:\WINDOWS\System32\msvcp_win.dll
0x00007ffe79c00000 - 0x00007ffe79d4b000 	C:\WINDOWS\System32\ucrtbase.dll
0x00007ffe6be60000 - 0x00007ffe6c0f3000 	C:\WINDOWS\WinSxS\amd64_microsoft.windows.common-controls_6595b64144ccf1df_6.0.26100.6899_none_3e0efeeae32e88c1\COMCTL32.dll
0x00007ffe7be50000 - 0x00007ffe7be7f000 	C:\WINDOWS\System32\IMM32.DLL
0x00007ffe6a400000 - 0x00007ffe6a41b000 	C:\Program Files\Java\jre1.8.0_471\bin\vcruntime140.dll
0x00007ffe6d980000 - 0x00007ffe6d98c000 	C:\Program Files\Java\jre1.8.0_471\bin\vcruntime140_1.dll
0x00007ffe4d2d0000 - 0x00007ffe4d35e000 	C:\Program Files\Java\jre1.8.0_471\bin\msvcp140.dll
0x00007ffde1d20000 - 0x00007ffde25ca000 	C:\Program Files\Java\jre1.8.0_471\bin\server\jvm.dll
0x00007ffe7be90000 - 0x00007ffe7be98000 	C:\WINDOWS\System32\PSAPI.DLL
0x00007ffe59c10000 - 0x00007ffe59c1a000 	C:\WINDOWS\SYSTEM32\WSOCK32.dll
0x00007ffe6dec0000 - 0x00007ffe6decb000 	C:\WINDOWS\SYSTEM32\VERSION.dll
0x00007ffe6c100000 - 0x00007ffe6c135000 	C:\WINDOWS\SYSTEM32\WINMM.dll
0x00007ffe7b0b0000 - 0x00007ffe7b124000 	C:\WINDOWS\System32\WS2_32.dll
0x00007ffe78840000 - 0x00007ffe7885b000 	C:\WINDOWS\SYSTEM32\kernel.appcore.dll
0x00007ffe64e00000 - 0x00007ffe64e10000 	C:\Program Files\Java\jre1.8.0_471\bin\verify.dll
0x00007ffe64d00000 - 0x00007ffe64d2b000 	C:\Program Files\Java\jre1.8.0_471\bin\java.dll
0x00007ffe64c70000 - 0x00007ffe64c88000 	C:\Program Files\Java\jre1.8.0_471\bin\zip.dll
0x00007ffe7a930000 - 0x00007ffe7b07d000 	C:\WINDOWS\System32\SHELL32.dll
0x00007ffe79f90000 - 0x00007ffe7a0fb000 	C:\WINDOWS\System32\wintypes.dll
0x00007ffe7b920000 - 0x00007ffe7bc9b000 	C:\WINDOWS\System32\combase.dll
0x00007ffe77740000 - 0x00007ffe77f9d000 	C:\WINDOWS\SYSTEM32\windows.storage.dll
0x00007ffe7b820000 - 0x00007ffe7b912000 	C:\WINDOWS\System32\SHCORE.dll
0x00007ffe7a8a0000 - 0x00007ffe7a902000 	C:\WINDOWS\System32\shlwapi.dll
0x00007ffe799c0000 - 0x00007ffe799e9000 	C:\WINDOWS\SYSTEM32\profapi.dll
0x00007ffe01df0000 - 0x00007ffe01f6e000 	C:\Program Files\Java\jre1.8.0_471\bin\awt.dll
0x00007ffe7b740000 - 0x00007ffe7b817000 	C:\WINDOWS\System32\OLEAUT32.dll
0x00007ffe75d90000 - 0x00007ffe75e2f000 	C:\WINDOWS\SYSTEM32\apphelp.dll
0x00007ffe76bd0000 - 0x00007ffe76bfd000 	C:\WINDOWS\system32\DWMAPI.DLL
0x00007ffe76940000 - 0x00007ffe769ea000 	C:\WINDOWS\system32\uxtheme.dll
0x00007ffe4c850000 - 0x00007ffe4c95c000 	C:\WINDOWS\system32\opengl32.dll
0x00007ffe5a8f0000 - 0x00007ffe5a91d000 	C:\WINDOWS\SYSTEM32\GLU32.dll
0x00007ffe76b60000 - 0x00007ffe76ba4000 	C:\WINDOWS\SYSTEM32\dxcore.dll
0x00007ffe7c110000 - 0x00007ffe7c26b000 	C:\WINDOWS\System32\MSCTF.dll
0x00007ffe7bcb0000 - 0x00007ffe7be48000 	C:\WINDOWS\System32\ole32.dll
0x00007ffe79e40000 - 0x00007ffe79ed8000 	C:\WINDOWS\System32\bcryptPrimitives.dll
0x00007ffe506e0000 - 0x00007ffe506fc000 	C:\Program Files\Java\jre1.8.0_471\bin\net.dll
0x00007ffe78e10000 - 0x00007ffe78e7b000 	C:\WINDOWS\system32\mswsock.dll
0x00007ffe506c0000 - 0x00007ffe506d3000 	C:\Program Files\Java\jre1.8.0_471\bin\nio.dll
0x00007ffe790c0000 - 0x00007ffe790db000 	C:\WINDOWS\SYSTEM32\CRYPTSP.dll
0x00007ffe78800000 - 0x00007ffe7883b000 	C:\WINDOWS\system32\rsaenh.dll
0x00007ffe78eb0000 - 0x00007ffe78edb000 	C:\WINDOWS\SYSTEM32\USERENV.dll
0x00007ffe799f0000 - 0x00007ffe79a16000 	C:\WINDOWS\SYSTEM32\bcrypt.dll
0x00007ffe7a100000 - 0x00007ffe7a277000 	C:\WINDOWS\System32\CRYPT32.dll
0x00007ffe796d0000 - 0x00007ffe796da000 	C:\WINDOWS\SYSTEM32\DPAPI.dll
0x00007ffe790e0000 - 0x00007ffe790ec000 	C:\WINDOWS\SYSTEM32\CRYPTBASE.dll
0x00007ffe782c0000 - 0x00007ffe782f4000 	C:\WINDOWS\SYSTEM32\IPHLPAPI.DLL
0x00007ffe7c8f0000 - 0x00007ffe7c8fa000 	C:\WINDOWS\System32\NSI.dll
0x00007ffe73580000 - 0x00007ffe7359e000 	C:\WINDOWS\SYSTEM32\dhcpcsvc6.DLL
0x00007ffe734b0000 - 0x00007ffe734d3000 	C:\WINDOWS\SYSTEM32\dhcpcsvc.DLL
0x00007ffe78350000 - 0x00007ffe78476000 	C:\WINDOWS\SYSTEM32\DNSAPI.dll
0x0000000180000000 - 0x0000000180032000 	C:\Users\vlada\AppData\Local\Temp\jna1772690496695028021.tmp
0x00007ffe4f870000 - 0x00007ffe4f8bf000 	C:\Program Files\Java\jre1.8.0_471\bin\fontmanager.dll
0x00007ffe46ae0000 - 0x00007ffe46ba1000 	C:\WINDOWS\SYSTEM32\mscms.dll
0x00007ffe6db00000 - 0x00007ffe6db49000 	C:\WINDOWS\SYSTEM32\icm32.dll
0x00007ffe4c2e0000 - 0x00007ffe4c323000 	C:\Program Files\Java\jre1.8.0_471\bin\t2k.dll
0x00007ffe6bb10000 - 0x00007ffe6bb3a000 	C:\Program Files\Java\jre1.8.0_471\bin\dcpr.dll
0x00007ffe56b80000 - 0x00007ffe56cca000 	C:\WINDOWS\SYSTEM32\textinputframework.dll
0x00007ffe7bea0000 - 0x00007ffe7bf51000 	C:\WINDOWS\System32\clbcatq.dll
0x00007ffe56b10000 - 0x00007ffe56b6e000 	C:\WINDOWS\system32\ApplicationTargetedFeatureDatabase.dll
0x00007ffe5ad70000 - 0x00007ffe5afb5000 	C:\Windows\System32\twinapi.appcore.dll
0x00007ffe46900000 - 0x00007ffe4697e000 	C:\WINDOWS\system32\Ninput.dll
0x00007ffe77360000 - 0x00007ffe775a2000 	C:\WINDOWS\SYSTEM32\dbghelp.dll

VM Arguments:
java_command: C:\Users\vlada\OneDrive\Документы\GitHub\alan-beckers-stickfigures-unofficial\AlansStickfigures.jar
java_class_path (initial): C:\Users\vlada\OneDrive\Документы\GitHub\alan-beckers-stickfigures-unofficial\AlansStickfigures.jar
Launcher Type: SUN_STANDARD

Environment Variables:
PATH=C:\Program Files (x86)\Common Files\Oracle\Java\java8path;C:\Program Files (x86)\Common Files\Oracle\Java\javapath;C:\WINDOWS\system32;C:\WINDOWS;C:\WINDOWS\System32\Wbem;C:\WINDOWS\System32\WindowsPowerShell\v1.0\;C:\WINDOWS\System32\OpenSSH\;C:\Users\vlada\AppData\Local\Microsoft\WindowsApps;
USERNAME=vlada
OS=Windows_NT
PROCESSOR_IDENTIFIER=Intel64 Family 6 Model 140 Stepping 1, GenuineIntel



---------------  S Y S T E M  ---------------

OS: Windows 11 , 64 bit Build 26100 (10.0.26100.6725)

CPU:total 8 (initial active 8) (4 cores per cpu, 2 threads per core) family 6 model 140 stepping 1, cmov, cx8, fxsr, mmx, sse, sse2, sse3, ssse3, sse4.1, sse4.2, popcnt, avx, avx2, aes, clmul, erms, 3dnowpref, lzcnt, ht, tsc, tscinvbit, bmi1, bmi2, adx

Memory: 4k page, physical 16477240k(5815684k free), swap 18593408k(3586428k free)

vm_info: Java HotSpot(TM) 64-Bit Server VM (25.471-b09) for windows-amd64 JRE (1.8.0_471-b09), built on Sep 26 2025 05:08:27 by "java_re" with MS VC++ 17.6 (VS2022)

time: Fri Oct 24 03:18:53 2025
timezone: Intel64 Family 6 Model 140 Stepping 1, GenuineIntel
elapsed time: 36601.234220 seconds (0d 10h 10m 1s)

